<?xml version="1.0" encoding="UTF-8"?>
<testsuite xmlns:xsi="http://www.w3.org/2001/XMLSchema-instance" xsi:noNamespaceSchemaLocation="https://maven.apache.org/surefire/maven-surefire-plugin/xsd/surefire-test-report-3.0.xsd" version="3.0" name="com.trivadis.kafkaws.HeterogenousMessagesTest" time="0.728" tests="2" errors="0" skipped="0" failures="0">
  <properties>
    <property name="java.specification.version" value="19"/>
    <property name="sun.jnu.encoding" value="UTF-8"/>
    <property name="java.class.path" value="/Users/guido.schmutz/Documents/GitHub/gschmutz/kafkastreams-and-ksqldb-workshop/03-kafka-streams-advanced/src/kafka-streams-heterogenous/target/test-classes:/Users/guido.schmutz/Documents/GitHub/gschmutz/kafkastreams-and-ksqldb-workshop/03-kafka-streams-advanced/src/kafka-streams-heterogenous/target/classes:/Users/guido.schmutz/.m2/repository/org/apache/kafka/kafka-streams/3.3.1/kafka-streams-3.3.1.jar:/Users/guido.schmutz/.m2/repository/org/apache/kafka/kafka-clients/3.3.1/kafka-clients-3.3.1.jar:/Users/guido.schmutz/.m2/repository/com/github/luben/zstd-jni/1.5.2-1/zstd-jni-1.5.2-1.jar:/Users/guido.schmutz/.m2/repository/org/lz4/lz4-java/1.8.0/lz4-java-1.8.0.jar:/Users/guido.schmutz/.m2/repository/org/xerial/snappy/snappy-java/1.1.8.4/snappy-java-1.1.8.4.jar:/Users/guido.schmutz/.m2/repository/org/rocksdb/rocksdbjni/6.29.4.1/rocksdbjni-6.29.4.1.jar:/Users/guido.schmutz/.m2/repository/org/slf4j/slf4j-api/1.7.36/slf4j-api-1.7.36.jar:/Users/guido.schmutz/.m2/repository/com/fasterxml/jackson/core/jackson-annotations/2.13.3/jackson-annotations-2.13.3.jar:/Users/guido.schmutz/.m2/repository/com/fasterxml/jackson/core/jackson-databind/2.13.3/jackson-databind-2.13.3.jar:/Users/guido.schmutz/.m2/repository/io/confluent/kafka-streams-avro-serde/7.3.0/kafka-streams-avro-serde-7.3.0.jar:/Users/guido.schmutz/.m2/repository/io/confluent/kafka-schema-registry-client/7.3.0/kafka-schema-registry-client-7.3.0.jar:/Users/guido.schmutz/.m2/repository/io/swagger/core/v3/swagger-annotations/2.1.10/swagger-annotations-2.1.10.jar:/Users/guido.schmutz/.m2/repository/org/apache/commons/commons-compress/1.21/commons-compress-1.21.jar:/Users/guido.schmutz/.m2/repository/io/confluent/common-utils/7.3.0/common-utils-7.3.0.jar:/Users/guido.schmutz/.m2/repository/io/confluent/kafka-avro-serializer/7.3.0/kafka-avro-serializer-7.3.0.jar:/Users/guido.schmutz/.m2/repository/io/confluent/kafka-schema-serializer/7.3.0/kafka-schema-serializer-7.3.0.jar:/Users/guido.schmutz/.m2/repository/com/google/guava/guava/30.1.1-jre/guava-30.1.1-jre.jar:/Users/guido.schmutz/.m2/repository/com/google/guava/failureaccess/1.0.1/failureaccess-1.0.1.jar:/Users/guido.schmutz/.m2/repository/com/google/guava/listenablefuture/9999.0-empty-to-avoid-conflict-with-guava/listenablefuture-9999.0-empty-to-avoid-conflict-with-guava.jar:/Users/guido.schmutz/.m2/repository/com/google/code/findbugs/jsr305/3.0.2/jsr305-3.0.2.jar:/Users/guido.schmutz/.m2/repository/org/checkerframework/checker-qual/3.8.0/checker-qual-3.8.0.jar:/Users/guido.schmutz/.m2/repository/com/google/errorprone/error_prone_annotations/2.5.1/error_prone_annotations-2.5.1.jar:/Users/guido.schmutz/.m2/repository/com/google/j2objc/j2objc-annotations/1.3/j2objc-annotations-1.3.jar:/Users/guido.schmutz/.m2/repository/io/confluent/logredactor/1.0.10/logredactor-1.0.10.jar:/Users/guido.schmutz/.m2/repository/com/google/re2j/re2j/1.6/re2j-1.6.jar:/Users/guido.schmutz/.m2/repository/io/confluent/logredactor-metrics/1.0.10/logredactor-metrics-1.0.10.jar:/Users/guido.schmutz/.m2/repository/com/eclipsesource/minimal-json/minimal-json/0.9.5/minimal-json-0.9.5.jar:/Users/guido.schmutz/.m2/repository/org/apache/avro/avro/1.11.1/avro-1.11.1.jar:/Users/guido.schmutz/.m2/repository/com/fasterxml/jackson/core/jackson-core/2.12.7/jackson-core-2.12.7.jar:/Users/guido.schmutz/.m2/repository/com/google/code/gson/gson/2.10/gson-2.10.jar:/Users/guido.schmutz/.m2/repository/com/fasterxml/jackson/datatype/jackson-datatype-jsr310/2.14.1/jackson-datatype-jsr310-2.14.1.jar:/Users/guido.schmutz/.m2/repository/org/slf4j/slf4j-log4j12/1.7.32/slf4j-log4j12-1.7.32.jar:/Users/guido.schmutz/.m2/repository/log4j/log4j/1.2.17/log4j-1.2.17.jar:/Users/guido.schmutz/.m2/repository/com/bakdata/fluent-kafka-streams-tests/fluent-kafka-streams-tests-junit5/2.8.0/fluent-kafka-streams-tests-junit5-2.8.0.jar:/Users/guido.schmutz/.m2/repository/com/bakdata/fluent-kafka-streams-tests/fluent-kafka-streams-tests/2.8.0/fluent-kafka-streams-tests-2.8.0.jar:/Users/guido.schmutz/.m2/repository/org/apache/kafka/kafka-streams-test-utils/3.3.0/kafka-streams-test-utils-3.3.0.jar:/Users/guido.schmutz/.m2/repository/com/bakdata/fluent-kafka-streams-tests/schema-registry-mock/2.8.0/schema-registry-mock-2.8.0.jar:/Users/guido.schmutz/.m2/repository/com/github/tomakehurst/wiremock-jre8/2.31.0/wiremock-jre8-2.31.0.jar:/Users/guido.schmutz/.m2/repository/org/eclipse/jetty/jetty-server/9.4.43.v20210629/jetty-server-9.4.43.v20210629.jar:/Users/guido.schmutz/.m2/repository/javax/servlet/javax.servlet-api/3.1.0/javax.servlet-api-3.1.0.jar:/Users/guido.schmutz/.m2/repository/org/eclipse/jetty/jetty-http/9.4.43.v20210629/jetty-http-9.4.43.v20210629.jar:/Users/guido.schmutz/.m2/repository/org/eclipse/jetty/jetty-io/9.4.43.v20210629/jetty-io-9.4.43.v20210629.jar:/Users/guido.schmutz/.m2/repository/org/eclipse/jetty/jetty-servlet/9.4.43.v20210629/jetty-servlet-9.4.43.v20210629.jar:/Users/guido.schmutz/.m2/repository/org/eclipse/jetty/jetty-security/9.4.43.v20210629/jetty-security-9.4.43.v20210629.jar:/Users/guido.schmutz/.m2/repository/org/eclipse/jetty/jetty-util-ajax/9.4.43.v20210629/jetty-util-ajax-9.4.43.v20210629.jar:/Users/guido.schmutz/.m2/repository/org/eclipse/jetty/jetty-servlets/9.4.43.v20210629/jetty-servlets-9.4.43.v20210629.jar:/Users/guido.schmutz/.m2/repository/org/eclipse/jetty/jetty-continuation/9.4.43.v20210629/jetty-continuation-9.4.43.v20210629.jar:/Users/guido.schmutz/.m2/repository/org/eclipse/jetty/jetty-util/9.4.43.v20210629/jetty-util-9.4.43.v20210629.jar:/Users/guido.schmutz/.m2/repository/org/eclipse/jetty/jetty-webapp/9.4.43.v20210629/jetty-webapp-9.4.43.v20210629.jar:/Users/guido.schmutz/.m2/repository/org/eclipse/jetty/jetty-xml/9.4.43.v20210629/jetty-xml-9.4.43.v20210629.jar:/Users/guido.schmutz/.m2/repository/org/eclipse/jetty/jetty-proxy/9.4.43.v20210629/jetty-proxy-9.4.43.v20210629.jar:/Users/guido.schmutz/.m2/repository/org/eclipse/jetty/jetty-client/9.4.43.v20210629/jetty-client-9.4.43.v20210629.jar:/Users/guido.schmutz/.m2/repository/org/eclipse/jetty/http2/http2-server/9.4.43.v20210629/http2-server-9.4.43.v20210629.jar:/Users/guido.schmutz/.m2/repository/org/eclipse/jetty/http2/http2-common/9.4.43.v20210629/http2-common-9.4.43.v20210629.jar:/Users/guido.schmutz/.m2/repository/org/eclipse/jetty/http2/http2-hpack/9.4.43.v20210629/http2-hpack-9.4.43.v20210629.jar:/Users/guido.schmutz/.m2/repository/org/eclipse/jetty/jetty-alpn-server/9.4.43.v20210629/jetty-alpn-server-9.4.43.v20210629.jar:/Users/guido.schmutz/.m2/repository/org/eclipse/jetty/jetty-alpn-conscrypt-server/9.4.43.v20210629/jetty-alpn-conscrypt-server-9.4.43.v20210629.jar:/Users/guido.schmutz/.m2/repository/org/eclipse/jetty/jetty-alpn-conscrypt-client/9.4.43.v20210629/jetty-alpn-conscrypt-client-9.4.43.v20210629.jar:/Users/guido.schmutz/.m2/repository/org/eclipse/jetty/jetty-alpn-client/9.4.43.v20210629/jetty-alpn-client-9.4.43.v20210629.jar:/Users/guido.schmutz/.m2/repository/org/conscrypt/conscrypt-openjdk-uber/2.5.2/conscrypt-openjdk-uber-2.5.2.jar:/Users/guido.schmutz/.m2/repository/org/apache/httpcomponents/httpclient/4.5.13/httpclient-4.5.13.jar:/Users/guido.schmutz/.m2/repository/org/apache/httpcomponents/httpcore/4.4.13/httpcore-4.4.13.jar:/Users/guido.schmutz/.m2/repository/commons-logging/commons-logging/1.2/commons-logging-1.2.jar:/Users/guido.schmutz/.m2/repository/commons-codec/commons-codec/1.11/commons-codec-1.11.jar:/Users/guido.schmutz/.m2/repository/org/xmlunit/xmlunit-core/2.8.2/xmlunit-core-2.8.2.jar:/Users/guido.schmutz/.m2/repository/jakarta/xml/bind/jakarta.xml.bind-api/2.3.3/jakarta.xml.bind-api-2.3.3.jar:/Users/guido.schmutz/.m2/repository/jakarta/activation/jakarta.activation-api/1.2.2/jakarta.activation-api-1.2.2.jar:/Users/guido.schmutz/.m2/repository/org/xmlunit/xmlunit-legacy/2.8.2/xmlunit-legacy-2.8.2.jar:/Users/guido.schmutz/.m2/repository/org/xmlunit/xmlunit-placeholders/2.8.2/xmlunit-placeholders-2.8.2.jar:/Users/guido.schmutz/.m2/repository/net/javacrumbs/json-unit/json-unit-core/2.28.0/json-unit-core-2.28.0.jar:/Users/guido.schmutz/.m2/repository/org/hamcrest/hamcrest-core/2.2/hamcrest-core-2.2.jar:/Users/guido.schmutz/.m2/repository/org/hamcrest/hamcrest/2.2/hamcrest-2.2.jar:/Users/guido.schmutz/.m2/repository/com/jayway/jsonpath/json-path/2.6.0/json-path-2.6.0.jar:/Users/guido.schmutz/.m2/repository/net/minidev/json-smart/2.4.7/json-smart-2.4.7.jar:/Users/guido.schmutz/.m2/repository/net/minidev/accessors-smart/2.4.7/accessors-smart-2.4.7.jar:/Users/guido.schmutz/.m2/repository/org/ow2/asm/asm/9.2/asm-9.2.jar:/Users/guido.schmutz/.m2/repository/net/sf/jopt-simple/jopt-simple/5.0.4/jopt-simple-5.0.4.jar:/Users/guido.schmutz/.m2/repository/org/apache/commons/commons-lang3/3.12.0/commons-lang3-3.12.0.jar:/Users/guido.schmutz/.m2/repository/com/github/jknack/handlebars/4.2.0/handlebars-4.2.0.jar:/Users/guido.schmutz/.m2/repository/com/github/jknack/handlebars-helpers/4.2.0/handlebars-helpers-4.2.0.jar:/Users/guido.schmutz/.m2/repository/commons-fileupload/commons-fileupload/1.4/commons-fileupload-1.4.jar:/Users/guido.schmutz/.m2/repository/commons-io/commons-io/2.11.0/commons-io-2.11.0.jar:/Users/guido.schmutz/.m2/repository/org/junit/jupiter/junit-jupiter-api/5.9.1/junit-jupiter-api-5.9.1.jar:/Users/guido.schmutz/.m2/repository/org/opentest4j/opentest4j/1.2.0/opentest4j-1.2.0.jar:/Users/guido.schmutz/.m2/repository/org/junit/platform/junit-platform-commons/1.9.1/junit-platform-commons-1.9.1.jar:/Users/guido.schmutz/.m2/repository/org/apiguardian/apiguardian-api/1.1.2/apiguardian-api-1.1.2.jar:/Users/guido.schmutz/.m2/repository/org/assertj/assertj-core/3.15.0/assertj-core-3.15.0.jar:"/>
    <property name="java.vm.vendor" value="Homebrew"/>
    <property name="sun.arch.data.model" value="64"/>
    <property name="java.vendor.url" value="https://github.com/Homebrew/homebrew-core/issues"/>
    <property name="user.timezone" value="Europe/Zurich"/>
    <property name="os.name" value="Mac OS X"/>
    <property name="java.vm.specification.version" value="19"/>
    <property name="sun.java.launcher" value="SUN_STANDARD"/>
    <property name="user.country" value="CH"/>
    <property name="sun.boot.library.path" value="/opt/homebrew/Cellar/openjdk/19.0.2/libexec/openjdk.jdk/Contents/Home/lib"/>
    <property name="sun.java.command" value="/Users/guido.schmutz/Documents/GitHub/gschmutz/kafkastreams-and-ksqldb-workshop/03-kafka-streams-advanced/src/kafka-streams-heterogenous/target/surefire/surefirebooter-20230303210319754_3.jar /Users/guido.schmutz/Documents/GitHub/gschmutz/kafkastreams-and-ksqldb-workshop/03-kafka-streams-advanced/src/kafka-streams-heterogenous/target/surefire 2023-03-03T21-03-19_372-jvmRun1 surefire-20230303210319754_1tmp surefire_0-20230303210319754_2tmp"/>
    <property name="jdk.debug" value="release"/>
    <property name="surefire.test.class.path" value="/Users/guido.schmutz/Documents/GitHub/gschmutz/kafkastreams-and-ksqldb-workshop/03-kafka-streams-advanced/src/kafka-streams-heterogenous/target/test-classes:/Users/guido.schmutz/Documents/GitHub/gschmutz/kafkastreams-and-ksqldb-workshop/03-kafka-streams-advanced/src/kafka-streams-heterogenous/target/classes:/Users/guido.schmutz/.m2/repository/org/apache/kafka/kafka-streams/3.3.1/kafka-streams-3.3.1.jar:/Users/guido.schmutz/.m2/repository/org/apache/kafka/kafka-clients/3.3.1/kafka-clients-3.3.1.jar:/Users/guido.schmutz/.m2/repository/com/github/luben/zstd-jni/1.5.2-1/zstd-jni-1.5.2-1.jar:/Users/guido.schmutz/.m2/repository/org/lz4/lz4-java/1.8.0/lz4-java-1.8.0.jar:/Users/guido.schmutz/.m2/repository/org/xerial/snappy/snappy-java/1.1.8.4/snappy-java-1.1.8.4.jar:/Users/guido.schmutz/.m2/repository/org/rocksdb/rocksdbjni/6.29.4.1/rocksdbjni-6.29.4.1.jar:/Users/guido.schmutz/.m2/repository/org/slf4j/slf4j-api/1.7.36/slf4j-api-1.7.36.jar:/Users/guido.schmutz/.m2/repository/com/fasterxml/jackson/core/jackson-annotations/2.13.3/jackson-annotations-2.13.3.jar:/Users/guido.schmutz/.m2/repository/com/fasterxml/jackson/core/jackson-databind/2.13.3/jackson-databind-2.13.3.jar:/Users/guido.schmutz/.m2/repository/io/confluent/kafka-streams-avro-serde/7.3.0/kafka-streams-avro-serde-7.3.0.jar:/Users/guido.schmutz/.m2/repository/io/confluent/kafka-schema-registry-client/7.3.0/kafka-schema-registry-client-7.3.0.jar:/Users/guido.schmutz/.m2/repository/io/swagger/core/v3/swagger-annotations/2.1.10/swagger-annotations-2.1.10.jar:/Users/guido.schmutz/.m2/repository/org/apache/commons/commons-compress/1.21/commons-compress-1.21.jar:/Users/guido.schmutz/.m2/repository/io/confluent/common-utils/7.3.0/common-utils-7.3.0.jar:/Users/guido.schmutz/.m2/repository/io/confluent/kafka-avro-serializer/7.3.0/kafka-avro-serializer-7.3.0.jar:/Users/guido.schmutz/.m2/repository/io/confluent/kafka-schema-serializer/7.3.0/kafka-schema-serializer-7.3.0.jar:/Users/guido.schmutz/.m2/repository/com/google/guava/guava/30.1.1-jre/guava-30.1.1-jre.jar:/Users/guido.schmutz/.m2/repository/com/google/guava/failureaccess/1.0.1/failureaccess-1.0.1.jar:/Users/guido.schmutz/.m2/repository/com/google/guava/listenablefuture/9999.0-empty-to-avoid-conflict-with-guava/listenablefuture-9999.0-empty-to-avoid-conflict-with-guava.jar:/Users/guido.schmutz/.m2/repository/com/google/code/findbugs/jsr305/3.0.2/jsr305-3.0.2.jar:/Users/guido.schmutz/.m2/repository/org/checkerframework/checker-qual/3.8.0/checker-qual-3.8.0.jar:/Users/guido.schmutz/.m2/repository/com/google/errorprone/error_prone_annotations/2.5.1/error_prone_annotations-2.5.1.jar:/Users/guido.schmutz/.m2/repository/com/google/j2objc/j2objc-annotations/1.3/j2objc-annotations-1.3.jar:/Users/guido.schmutz/.m2/repository/io/confluent/logredactor/1.0.10/logredactor-1.0.10.jar:/Users/guido.schmutz/.m2/repository/com/google/re2j/re2j/1.6/re2j-1.6.jar:/Users/guido.schmutz/.m2/repository/io/confluent/logredactor-metrics/1.0.10/logredactor-metrics-1.0.10.jar:/Users/guido.schmutz/.m2/repository/com/eclipsesource/minimal-json/minimal-json/0.9.5/minimal-json-0.9.5.jar:/Users/guido.schmutz/.m2/repository/org/apache/avro/avro/1.11.1/avro-1.11.1.jar:/Users/guido.schmutz/.m2/repository/com/fasterxml/jackson/core/jackson-core/2.12.7/jackson-core-2.12.7.jar:/Users/guido.schmutz/.m2/repository/com/google/code/gson/gson/2.10/gson-2.10.jar:/Users/guido.schmutz/.m2/repository/com/fasterxml/jackson/datatype/jackson-datatype-jsr310/2.14.1/jackson-datatype-jsr310-2.14.1.jar:/Users/guido.schmutz/.m2/repository/org/slf4j/slf4j-log4j12/1.7.32/slf4j-log4j12-1.7.32.jar:/Users/guido.schmutz/.m2/repository/log4j/log4j/1.2.17/log4j-1.2.17.jar:/Users/guido.schmutz/.m2/repository/com/bakdata/fluent-kafka-streams-tests/fluent-kafka-streams-tests-junit5/2.8.0/fluent-kafka-streams-tests-junit5-2.8.0.jar:/Users/guido.schmutz/.m2/repository/com/bakdata/fluent-kafka-streams-tests/fluent-kafka-streams-tests/2.8.0/fluent-kafka-streams-tests-2.8.0.jar:/Users/guido.schmutz/.m2/repository/org/apache/kafka/kafka-streams-test-utils/3.3.0/kafka-streams-test-utils-3.3.0.jar:/Users/guido.schmutz/.m2/repository/com/bakdata/fluent-kafka-streams-tests/schema-registry-mock/2.8.0/schema-registry-mock-2.8.0.jar:/Users/guido.schmutz/.m2/repository/com/github/tomakehurst/wiremock-jre8/2.31.0/wiremock-jre8-2.31.0.jar:/Users/guido.schmutz/.m2/repository/org/eclipse/jetty/jetty-server/9.4.43.v20210629/jetty-server-9.4.43.v20210629.jar:/Users/guido.schmutz/.m2/repository/javax/servlet/javax.servlet-api/3.1.0/javax.servlet-api-3.1.0.jar:/Users/guido.schmutz/.m2/repository/org/eclipse/jetty/jetty-http/9.4.43.v20210629/jetty-http-9.4.43.v20210629.jar:/Users/guido.schmutz/.m2/repository/org/eclipse/jetty/jetty-io/9.4.43.v20210629/jetty-io-9.4.43.v20210629.jar:/Users/guido.schmutz/.m2/repository/org/eclipse/jetty/jetty-servlet/9.4.43.v20210629/jetty-servlet-9.4.43.v20210629.jar:/Users/guido.schmutz/.m2/repository/org/eclipse/jetty/jetty-security/9.4.43.v20210629/jetty-security-9.4.43.v20210629.jar:/Users/guido.schmutz/.m2/repository/org/eclipse/jetty/jetty-util-ajax/9.4.43.v20210629/jetty-util-ajax-9.4.43.v20210629.jar:/Users/guido.schmutz/.m2/repository/org/eclipse/jetty/jetty-servlets/9.4.43.v20210629/jetty-servlets-9.4.43.v20210629.jar:/Users/guido.schmutz/.m2/repository/org/eclipse/jetty/jetty-continuation/9.4.43.v20210629/jetty-continuation-9.4.43.v20210629.jar:/Users/guido.schmutz/.m2/repository/org/eclipse/jetty/jetty-util/9.4.43.v20210629/jetty-util-9.4.43.v20210629.jar:/Users/guido.schmutz/.m2/repository/org/eclipse/jetty/jetty-webapp/9.4.43.v20210629/jetty-webapp-9.4.43.v20210629.jar:/Users/guido.schmutz/.m2/repository/org/eclipse/jetty/jetty-xml/9.4.43.v20210629/jetty-xml-9.4.43.v20210629.jar:/Users/guido.schmutz/.m2/repository/org/eclipse/jetty/jetty-proxy/9.4.43.v20210629/jetty-proxy-9.4.43.v20210629.jar:/Users/guido.schmutz/.m2/repository/org/eclipse/jetty/jetty-client/9.4.43.v20210629/jetty-client-9.4.43.v20210629.jar:/Users/guido.schmutz/.m2/repository/org/eclipse/jetty/http2/http2-server/9.4.43.v20210629/http2-server-9.4.43.v20210629.jar:/Users/guido.schmutz/.m2/repository/org/eclipse/jetty/http2/http2-common/9.4.43.v20210629/http2-common-9.4.43.v20210629.jar:/Users/guido.schmutz/.m2/repository/org/eclipse/jetty/http2/http2-hpack/9.4.43.v20210629/http2-hpack-9.4.43.v20210629.jar:/Users/guido.schmutz/.m2/repository/org/eclipse/jetty/jetty-alpn-server/9.4.43.v20210629/jetty-alpn-server-9.4.43.v20210629.jar:/Users/guido.schmutz/.m2/repository/org/eclipse/jetty/jetty-alpn-conscrypt-server/9.4.43.v20210629/jetty-alpn-conscrypt-server-9.4.43.v20210629.jar:/Users/guido.schmutz/.m2/repository/org/eclipse/jetty/jetty-alpn-conscrypt-client/9.4.43.v20210629/jetty-alpn-conscrypt-client-9.4.43.v20210629.jar:/Users/guido.schmutz/.m2/repository/org/eclipse/jetty/jetty-alpn-client/9.4.43.v20210629/jetty-alpn-client-9.4.43.v20210629.jar:/Users/guido.schmutz/.m2/repository/org/conscrypt/conscrypt-openjdk-uber/2.5.2/conscrypt-openjdk-uber-2.5.2.jar:/Users/guido.schmutz/.m2/repository/org/apache/httpcomponents/httpclient/4.5.13/httpclient-4.5.13.jar:/Users/guido.schmutz/.m2/repository/org/apache/httpcomponents/httpcore/4.4.13/httpcore-4.4.13.jar:/Users/guido.schmutz/.m2/repository/commons-logging/commons-logging/1.2/commons-logging-1.2.jar:/Users/guido.schmutz/.m2/repository/commons-codec/commons-codec/1.11/commons-codec-1.11.jar:/Users/guido.schmutz/.m2/repository/org/xmlunit/xmlunit-core/2.8.2/xmlunit-core-2.8.2.jar:/Users/guido.schmutz/.m2/repository/jakarta/xml/bind/jakarta.xml.bind-api/2.3.3/jakarta.xml.bind-api-2.3.3.jar:/Users/guido.schmutz/.m2/repository/jakarta/activation/jakarta.activation-api/1.2.2/jakarta.activation-api-1.2.2.jar:/Users/guido.schmutz/.m2/repository/org/xmlunit/xmlunit-legacy/2.8.2/xmlunit-legacy-2.8.2.jar:/Users/guido.schmutz/.m2/repository/org/xmlunit/xmlunit-placeholders/2.8.2/xmlunit-placeholders-2.8.2.jar:/Users/guido.schmutz/.m2/repository/net/javacrumbs/json-unit/json-unit-core/2.28.0/json-unit-core-2.28.0.jar:/Users/guido.schmutz/.m2/repository/org/hamcrest/hamcrest-core/2.2/hamcrest-core-2.2.jar:/Users/guido.schmutz/.m2/repository/org/hamcrest/hamcrest/2.2/hamcrest-2.2.jar:/Users/guido.schmutz/.m2/repository/com/jayway/jsonpath/json-path/2.6.0/json-path-2.6.0.jar:/Users/guido.schmutz/.m2/repository/net/minidev/json-smart/2.4.7/json-smart-2.4.7.jar:/Users/guido.schmutz/.m2/repository/net/minidev/accessors-smart/2.4.7/accessors-smart-2.4.7.jar:/Users/guido.schmutz/.m2/repository/org/ow2/asm/asm/9.2/asm-9.2.jar:/Users/guido.schmutz/.m2/repository/net/sf/jopt-simple/jopt-simple/5.0.4/jopt-simple-5.0.4.jar:/Users/guido.schmutz/.m2/repository/org/apache/commons/commons-lang3/3.12.0/commons-lang3-3.12.0.jar:/Users/guido.schmutz/.m2/repository/com/github/jknack/handlebars/4.2.0/handlebars-4.2.0.jar:/Users/guido.schmutz/.m2/repository/com/github/jknack/handlebars-helpers/4.2.0/handlebars-helpers-4.2.0.jar:/Users/guido.schmutz/.m2/repository/commons-fileupload/commons-fileupload/1.4/commons-fileupload-1.4.jar:/Users/guido.schmutz/.m2/repository/commons-io/commons-io/2.11.0/commons-io-2.11.0.jar:/Users/guido.schmutz/.m2/repository/org/junit/jupiter/junit-jupiter-api/5.9.1/junit-jupiter-api-5.9.1.jar:/Users/guido.schmutz/.m2/repository/org/opentest4j/opentest4j/1.2.0/opentest4j-1.2.0.jar:/Users/guido.schmutz/.m2/repository/org/junit/platform/junit-platform-commons/1.9.1/junit-platform-commons-1.9.1.jar:/Users/guido.schmutz/.m2/repository/org/apiguardian/apiguardian-api/1.1.2/apiguardian-api-1.1.2.jar:/Users/guido.schmutz/.m2/repository/org/assertj/assertj-core/3.15.0/assertj-core-3.15.0.jar:"/>
    <property name="sun.cpu.endian" value="little"/>
    <property name="user.home" value="/Users/guido.schmutz"/>
    <property name="user.language" value="en"/>
    <property name="java.specification.vendor" value="Oracle Corporation"/>
    <property name="java.version.date" value="2023-01-17"/>
    <property name="java.home" value="/opt/homebrew/Cellar/openjdk/19.0.2/libexec/openjdk.jdk/Contents/Home"/>
    <property name="file.separator" value="/"/>
    <property name="basedir" value="/Users/guido.schmutz/Documents/GitHub/gschmutz/kafkastreams-and-ksqldb-workshop/03-kafka-streams-advanced/src/kafka-streams-heterogenous"/>
    <property name="java.vm.compressedOopsMode" value="Zero based"/>
    <property name="line.separator" value="&#10;"/>
    <property name="java.vm.specification.vendor" value="Oracle Corporation"/>
    <property name="java.specification.name" value="Java Platform API Specification"/>
    <property name="apple.awt.application.name" value="ForkedBooter"/>
    <property name="surefire.real.class.path" value="/Users/guido.schmutz/Documents/GitHub/gschmutz/kafkastreams-and-ksqldb-workshop/03-kafka-streams-advanced/src/kafka-streams-heterogenous/target/surefire/surefirebooter-20230303210319754_3.jar"/>
    <property name="sun.management.compiler" value="HotSpot 64-Bit Tiered Compilers"/>
    <property name="java.runtime.version" value="19.0.2"/>
    <property name="user.name" value="guido.schmutz"/>
    <property name="stdout.encoding" value="US-ASCII"/>
    <property name="path.separator" value=":"/>
    <property name="os.version" value="13.2.1"/>
    <property name="java.runtime.name" value="OpenJDK Runtime Environment"/>
    <property name="file.encoding" value="UTF-8"/>
    <property name="java.vm.name" value="OpenJDK 64-Bit Server VM"/>
    <property name="java.vendor.version" value="Homebrew"/>
    <property name="localRepository" value="/Users/guido.schmutz/.m2/repository"/>
    <property name="java.vendor.url.bug" value="https://github.com/Homebrew/homebrew-core/issues"/>
    <property name="java.io.tmpdir" value="/var/folders/_8/kkzj0lc521q8j1rwv4_l00qm0000gn/T/"/>
    <property name="java.version" value="19.0.2"/>
    <property name="user.dir" value="/Users/guido.schmutz/Documents/GitHub/gschmutz/kafkastreams-and-ksqldb-workshop/03-kafka-streams-advanced/src/kafka-streams-heterogenous"/>
    <property name="os.arch" value="aarch64"/>
    <property name="java.vm.specification.name" value="Java Virtual Machine Specification"/>
    <property name="native.encoding" value="US-ASCII"/>
    <property name="java.library.path" value="/Users/guido.schmutz/Library/Java/Extensions:/Library/Java/Extensions:/Network/Library/Java/Extensions:/System/Library/Java/Extensions:/usr/lib/java:."/>
    <property name="java.vm.info" value="mixed mode, sharing"/>
    <property name="stderr.encoding" value="US-ASCII"/>
    <property name="java.vendor" value="Homebrew"/>
    <property name="java.vm.version" value="19.0.2"/>
    <property name="sun.io.unicode.encoding" value="UnicodeBig"/>
    <property name="java.class.version" value="63.0"/>
  </properties>
  <testcase name="testAlertV1" classname="com.trivadis.kafkaws.HeterogenousMessagesTest" time="0.296">
    <system-out><![CDATA[{"context": {"id": 5f86ef1b-0b1f-4856-9198-7e2deb3eeaa8, "when": "2023-03-03T20:03:20.681Z"}, "alert": {"alert": "Alert Message v1", "severity": "HIGH"}}
]]></system-out>
  </testcase>
  <testcase name="testNotifccationV1" classname="com.trivadis.kafkaws.HeterogenousMessagesTest" time="0.035">
    <system-out><![CDATA[[2023-03-03 21:03:20,943] WARN [main] Error registering AppInfo mbean (org.apache.kafka.common.utils.AppInfoParser)
javax.management.InstanceAlreadyExistsException: kafka.producer:type=app-info,id=KafkaExampleProducer
	at java.management/com.sun.jmx.mbeanserver.Repository.addMBean(Repository.java:436)
	at java.management/com.sun.jmx.interceptor.DefaultMBeanServerInterceptor.registerWithRepository(DefaultMBeanServerInterceptor.java:1854)
	at java.management/com.sun.jmx.interceptor.DefaultMBeanServerInterceptor.registerDynamicMBean(DefaultMBeanServerInterceptor.java:951)
	at java.management/com.sun.jmx.interceptor.DefaultMBeanServerInterceptor.registerObject(DefaultMBeanServerInterceptor.java:886)
	at java.management/com.sun.jmx.interceptor.DefaultMBeanServerInterceptor.registerMBean(DefaultMBeanServerInterceptor.java:317)
	at java.management/com.sun.jmx.mbeanserver.JmxMBeanServer.registerMBean(JmxMBeanServer.java:523)
	at org.apache.kafka.common.utils.AppInfoParser.registerAppInfo(AppInfoParser.java:64)
	at org.apache.kafka.clients.producer.KafkaProducer.<init>(KafkaProducer.java:462)
	at org.apache.kafka.clients.producer.KafkaProducer.<init>(KafkaProducer.java:291)
	at org.apache.kafka.clients.producer.KafkaProducer.<init>(KafkaProducer.java:318)
	at org.apache.kafka.clients.producer.KafkaProducer.<init>(KafkaProducer.java:303)
	at com.trivadis.kafkaws.HeterogenousMessagesTest.createProducer(HeterogenousMessagesTest.java:37)
	at com.trivadis.kafkaws.HeterogenousMessagesTest.<init>(HeterogenousMessagesTest.java:26)
	at java.base/jdk.internal.reflect.DirectConstructorHandleAccessor.newInstance(DirectConstructorHandleAccessor.java:67)
	at java.base/java.lang.reflect.Constructor.newInstanceWithCaller(Constructor.java:500)
	at java.base/java.lang.reflect.Constructor.newInstance(Constructor.java:484)
	at org.junit.platform.commons.util.ReflectionUtils.newInstance(ReflectionUtils.java:552)
	at org.junit.jupiter.engine.execution.ConstructorInvocation.proceed(ConstructorInvocation.java:56)
	at org.junit.jupiter.engine.execution.InvocationInterceptorChain$ValidatingInvocation.proceed(InvocationInterceptorChain.java:131)
	at org.junit.jupiter.api.extension.InvocationInterceptor.interceptTestClassConstructor(InvocationInterceptor.java:73)
	at org.junit.jupiter.engine.execution.InterceptingExecutableInvoker.lambda$invoke$0(InterceptingExecutableInvoker.java:93)
	at org.junit.jupiter.engine.execution.InvocationInterceptorChain$InterceptedInvocation.proceed(InvocationInterceptorChain.java:106)
	at org.junit.jupiter.engine.execution.InvocationInterceptorChain.proceed(InvocationInterceptorChain.java:64)
	at org.junit.jupiter.engine.execution.InvocationInterceptorChain.chainAndInvoke(InvocationInterceptorChain.java:45)
	at org.junit.jupiter.engine.execution.InvocationInterceptorChain.invoke(InvocationInterceptorChain.java:37)
	at org.junit.jupiter.engine.execution.InterceptingExecutableInvoker.invoke(InterceptingExecutableInvoker.java:92)
	at org.junit.jupiter.engine.execution.InterceptingExecutableInvoker.invoke(InterceptingExecutableInvoker.java:62)
	at org.junit.jupiter.engine.descriptor.ClassBasedTestDescriptor.invokeTestClassConstructor(ClassBasedTestDescriptor.java:363)
	at org.junit.jupiter.engine.descriptor.ClassBasedTestDescriptor.instantiateTestClass(ClassBasedTestDescriptor.java:310)
	at org.junit.jupiter.engine.descriptor.ClassTestDescriptor.instantiateTestClass(ClassTestDescriptor.java:79)
	at org.junit.jupiter.engine.descriptor.ClassBasedTestDescriptor.instantiateAndPostProcessTestInstance(ClassBasedTestDescriptor.java:286)
	at org.junit.jupiter.engine.descriptor.ClassBasedTestDescriptor.lambda$testInstancesProvider$4(ClassBasedTestDescriptor.java:278)
	at java.base/java.util.Optional.orElseGet(Optional.java:364)
	at org.junit.jupiter.engine.descriptor.ClassBasedTestDescriptor.lambda$testInstancesProvider$5(ClassBasedTestDescriptor.java:277)
	at org.junit.jupiter.engine.execution.TestInstancesProvider.getTestInstances(TestInstancesProvider.java:31)
	at org.junit.jupiter.engine.descriptor.TestMethodTestDescriptor.lambda$prepare$0(TestMethodTestDescriptor.java:105)
	at org.junit.platform.engine.support.hierarchical.ThrowableCollector.execute(ThrowableCollector.java:73)
	at org.junit.jupiter.engine.descriptor.TestMethodTestDescriptor.prepare(TestMethodTestDescriptor.java:104)
	at org.junit.jupiter.engine.descriptor.TestMethodTestDescriptor.prepare(TestMethodTestDescriptor.java:68)
	at org.junit.platform.engine.support.hierarchical.NodeTestTask.lambda$prepare$2(NodeTestTask.java:123)
	at org.junit.platform.engine.support.hierarchical.ThrowableCollector.execute(ThrowableCollector.java:73)
	at org.junit.platform.engine.support.hierarchical.NodeTestTask.prepare(NodeTestTask.java:123)
	at org.junit.platform.engine.support.hierarchical.NodeTestTask.execute(NodeTestTask.java:90)
	at java.base/java.util.ArrayList.forEach(ArrayList.java:1511)
	at org.junit.platform.engine.support.hierarchical.SameThreadHierarchicalTestExecutorService.invokeAll(SameThreadHierarchicalTestExecutorService.java:41)
	at org.junit.platform.engine.support.hierarchical.NodeTestTask.lambda$executeRecursively$6(NodeTestTask.java:155)
	at org.junit.platform.engine.support.hierarchical.ThrowableCollector.execute(ThrowableCollector.java:73)
	at org.junit.platform.engine.support.hierarchical.NodeTestTask.lambda$executeRecursively$8(NodeTestTask.java:141)
	at org.junit.platform.engine.support.hierarchical.Node.around(Node.java:137)
	at org.junit.platform.engine.support.hierarchical.NodeTestTask.lambda$executeRecursively$9(NodeTestTask.java:139)
	at org.junit.platform.engine.support.hierarchical.ThrowableCollector.execute(ThrowableCollector.java:73)
	at org.junit.platform.engine.support.hierarchical.NodeTestTask.executeRecursively(NodeTestTask.java:138)
	at org.junit.platform.engine.support.hierarchical.NodeTestTask.execute(NodeTestTask.java:95)
	at java.base/java.util.ArrayList.forEach(ArrayList.java:1511)
	at org.junit.platform.engine.support.hierarchical.SameThreadHierarchicalTestExecutorService.invokeAll(SameThreadHierarchicalTestExecutorService.java:41)
	at org.junit.platform.engine.support.hierarchical.NodeTestTask.lambda$executeRecursively$6(NodeTestTask.java:155)
	at org.junit.platform.engine.support.hierarchical.ThrowableCollector.execute(ThrowableCollector.java:73)
	at org.junit.platform.engine.support.hierarchical.NodeTestTask.lambda$executeRecursively$8(NodeTestTask.java:141)
	at org.junit.platform.engine.support.hierarchical.Node.around(Node.java:137)
	at org.junit.platform.engine.support.hierarchical.NodeTestTask.lambda$executeRecursively$9(NodeTestTask.java:139)
	at org.junit.platform.engine.support.hierarchical.ThrowableCollector.execute(ThrowableCollector.java:73)
	at org.junit.platform.engine.support.hierarchical.NodeTestTask.executeRecursively(NodeTestTask.java:138)
	at org.junit.platform.engine.support.hierarchical.NodeTestTask.execute(NodeTestTask.java:95)
	at org.junit.platform.engine.support.hierarchical.SameThreadHierarchicalTestExecutorService.submit(SameThreadHierarchicalTestExecutorService.java:35)
	at org.junit.platform.engine.support.hierarchical.HierarchicalTestExecutor.execute(HierarchicalTestExecutor.java:57)
	at org.junit.platform.engine.support.hierarchical.HierarchicalTestEngine.execute(HierarchicalTestEngine.java:54)
	at org.junit.platform.launcher.core.EngineExecutionOrchestrator.execute(EngineExecutionOrchestrator.java:147)
	at org.junit.platform.launcher.core.EngineExecutionOrchestrator.execute(EngineExecutionOrchestrator.java:127)
	at org.junit.platform.launcher.core.EngineExecutionOrchestrator.execute(EngineExecutionOrchestrator.java:90)
	at org.junit.platform.launcher.core.EngineExecutionOrchestrator.lambda$execute$0(EngineExecutionOrchestrator.java:55)
	at org.junit.platform.launcher.core.EngineExecutionOrchestrator.withInterceptedStreams(EngineExecutionOrchestrator.java:102)
	at org.junit.platform.launcher.core.EngineExecutionOrchestrator.execute(EngineExecutionOrchestrator.java:54)
	at org.junit.platform.launcher.core.DefaultLauncher.execute(DefaultLauncher.java:114)
	at org.junit.platform.launcher.core.DefaultLauncher.execute(DefaultLauncher.java:86)
	at org.junit.platform.launcher.core.DefaultLauncherSession$DelegatingLauncher.execute(DefaultLauncherSession.java:86)
	at org.apache.maven.surefire.junitplatform.LazyLauncher.execute(LazyLauncher.java:55)
	at org.apache.maven.surefire.junitplatform.JUnitPlatformProvider.execute(JUnitPlatformProvider.java:223)
	at org.apache.maven.surefire.junitplatform.JUnitPlatformProvider.invokeAllTests(JUnitPlatformProvider.java:175)
	at org.apache.maven.surefire.junitplatform.JUnitPlatformProvider.invoke(JUnitPlatformProvider.java:139)
	at org.apache.maven.surefire.booter.ForkedBooter.runSuitesInProcess(ForkedBooter.java:456)
	at org.apache.maven.surefire.booter.ForkedBooter.execute(ForkedBooter.java:169)
	at org.apache.maven.surefire.booter.ForkedBooter.run(ForkedBooter.java:595)
	at org.apache.maven.surefire.booter.ForkedBooter.main(ForkedBooter.java:581)
{"context": {"id": 3579d11f-1d88-4795-90e1-9e86ab6008be, "when": "2023-03-03T20:03:20.949Z"}, "notification": {"message": "Notification Message 1 - v1"}}
]]></system-out>
  </testcase>
</testsuite>